This is pdfTeX, Version 3.14159265-2.6-1.40.19 (TeX Live 2018/W32TeX) (preloaded format=pdflatex 2019.3.16)  17 JUL 2020 12:10
entering extended mode
 restricted \write18 enabled.
 file:line:error style messages enabled.
 %&-line parsing enabled.
**d:/UNIPD_LocalD/Magistrale/FErecognition/relazione/egpaper_final.tex
(d:/UNIPD_LocalD/Magistrale/FErecognition/relazione/egpaper_final.tex
LaTeX2e <2018-12-01>
(d:/Programmi/texlive/2018/texmf-dist/tex/latex/base/article.cls
Document Class: article 2018/09/03 v1.4i Standard LaTeX document class
(d:/Programmi/texlive/2018/texmf-dist/tex/latex/base/size10.clo
File: size10.clo 2018/09/03 v1.4i Standard LaTeX file (size option)
)
\c@part=\count80
\c@section=\count81
\c@subsection=\count82
\c@subsubsection=\count83
\c@paragraph=\count84
\c@subparagraph=\count85
\c@figure=\count86
\c@table=\count87
\abovecaptionskip=\skip41
\belowcaptionskip=\skip42
\bibindent=\dimen102
) (d:/UNIPD_LocalD/Magistrale/FErecognition/relazione/cvpr.sty (d:/UNIPD_LocalD/Magistrale/FErecognition/relazione/eso-pic.sty
Package: eso-pic 2002/11/16 v1.1b eso-pic (RN)
 (d:/UNIPD_LocalD/Magistrale/FErecognition/relazione/cvpr_eso.sty

LaTeX Warning: You have requested package `eso-pic',
               but the package provides `everyshi'.

Package: everyshi 2001/05/15 v3.00 EveryShipout Package (MS)
) (d:/Programmi/texlive/2018/texmf-dist/tex/latex/graphics/keyval.sty
Package: keyval 2014/10/28 v1.15 key=value parser (DPC)
\KV@toks@=\toks14
)) (d:/Programmi/texlive/2018/texmf-dist/tex/latex/tools/xspace.sty
Package: xspace 2014/10/28 v1.13 Space after command names (DPC,MH)
)
CVPR 8.5 x 11-Inch Proceedings Style `cvpr.sty'.
\@ctmp=\skip43
\@figindent=\skip44
\cvprrulerbox=\box27
\cvprrulercount=\count88
\cvprruleroffset=\dimen103
\cv@lineheight=\dimen104
\cv@boxheight=\dimen105
\cv@tmpbox=\box28
\cv@refno=\count89
\cv@tot=\count90
\cv@tmpc@=\count91
\cv@tmpc=\count92
) (d:/Programmi/texlive/2018/texmf-dist/tex/latex/psnfss/times.sty
Package: times 2005/04/12 PSNFSS-v9.2a (SPQR) 
) (d:/Programmi/texlive/2018/texmf-dist/tex/latex/graphics/epsfig.sty
Package: epsfig 2017/06/25 v1.7b (e)psfig emulation (SPQR)
 (d:/Programmi/texlive/2018/texmf-dist/tex/latex/graphics/graphicx.sty
Package: graphicx 2017/06/01 v1.1a Enhanced LaTeX Graphics (DPC,SPQR)
 (d:/Programmi/texlive/2018/texmf-dist/tex/latex/graphics/graphics.sty
Package: graphics 2017/06/25 v1.2c Standard LaTeX Graphics (DPC,SPQR)
 (d:/Programmi/texlive/2018/texmf-dist/tex/latex/graphics/trig.sty
Package: trig 2016/01/03 v1.10 sin cos tan (DPC)
) (d:/Programmi/texlive/2018/texmf-dist/tex/latex/graphics-cfg/graphics.cfg
File: graphics.cfg 2016/06/04 v1.11 sample graphics configuration
)
Package graphics Info: Driver file: pdftex.def on input line 99.
 (d:/Programmi/texlive/2018/texmf-dist/tex/latex/graphics-def/pdftex.def
File: pdftex.def 2018/01/08 v1.0l Graphics/color driver for pdftex
))
\Gin@req@height=\dimen106
\Gin@req@width=\dimen107
)
\epsfxsize=\dimen108
\epsfysize=\dimen109
) (d:/Programmi/texlive/2018/texmf-dist/tex/latex/amsmath/amsmath.sty
Package: amsmath 2018/12/01 v2.17b AMS math features
\@mathmargin=\skip45

For additional information on amsmath, use the `?' option.
(d:/Programmi/texlive/2018/texmf-dist/tex/latex/amsmath/amstext.sty
Package: amstext 2000/06/29 v2.01 AMS text
 (d:/Programmi/texlive/2018/texmf-dist/tex/latex/amsmath/amsgen.sty
File: amsgen.sty 1999/11/30 v2.0 generic functions
\@emptytoks=\toks15
\ex@=\dimen110
)) (d:/Programmi/texlive/2018/texmf-dist/tex/latex/amsmath/amsbsy.sty
Package: amsbsy 1999/11/29 v1.2d Bold Symbols
\pmbraise@=\dimen111
) (d:/Programmi/texlive/2018/texmf-dist/tex/latex/amsmath/amsopn.sty
Package: amsopn 2016/03/08 v2.02 operator names
)
\inf@bad=\count93
LaTeX Info: Redefining \frac on input line 223.
\uproot@=\count94
\leftroot@=\count95
LaTeX Info: Redefining \overline on input line 385.
\classnum@=\count96
\DOTSCASE@=\count97
LaTeX Info: Redefining \ldots on input line 482.
LaTeX Info: Redefining \dots on input line 485.
LaTeX Info: Redefining \cdots on input line 606.
\Mathstrutbox@=\box29
\strutbox@=\box30
\big@size=\dimen112
LaTeX Font Info:    Redeclaring font encoding OML on input line 729.
LaTeX Font Info:    Redeclaring font encoding OMS on input line 730.
\macc@depth=\count98
\c@MaxMatrixCols=\count99
\dotsspace@=\muskip10
\c@parentequation=\count100
\dspbrk@lvl=\count101
\tag@help=\toks16
\row@=\count102
\column@=\count103
\maxfields@=\count104
\andhelp@=\toks17
\eqnshift@=\dimen113
\alignsep@=\dimen114
\tagshift@=\dimen115
\tagwidth@=\dimen116
\totwidth@=\dimen117
\lineht@=\dimen118
\@envbody=\toks18
\multlinegap=\skip46
\multlinetaggap=\skip47
\mathdisplay@stack=\toks19
LaTeX Info: Redefining \[ on input line 2844.
LaTeX Info: Redefining \] on input line 2845.
) (d:/Programmi/texlive/2018/texmf-dist/tex/latex/amsfonts/amssymb.sty
Package: amssymb 2013/01/14 v3.01 AMS font symbols
 (d:/Programmi/texlive/2018/texmf-dist/tex/latex/amsfonts/amsfonts.sty
Package: amsfonts 2013/01/14 v3.01 Basic AMSFonts support
\symAMSa=\mathgroup4
\symAMSb=\mathgroup5
LaTeX Font Info:    Overwriting math alphabet `\mathfrak' in version `bold'
(Font)                  U/euf/m/n --> U/euf/b/n on input line 106.
)) (d:/Programmi/texlive/2018/texmf-dist/tex/latex/xcolor/xcolor.sty
Package: xcolor 2016/05/11 v2.12 LaTeX color extensions (UK)
 (d:/Programmi/texlive/2018/texmf-dist/tex/latex/graphics-cfg/color.cfg
File: color.cfg 2016/01/02 v1.6 sample color configuration
)
Package xcolor Info: Driver file: pdftex.def on input line 225.
Package xcolor Info: Model `cmy' substituted by `cmy0' on input line 1348.
Package xcolor Info: Model `hsb' substituted by `rgb' on input line 1352.
Package xcolor Info: Model `RGB' extended on input line 1364.
Package xcolor Info: Model `HTML' substituted by `rgb' on input line 1366.
Package xcolor Info: Model `Hsb' substituted by `hsb' on input line 1367.
Package xcolor Info: Model `tHsb' substituted by `hsb' on input line 1368.
Package xcolor Info: Model `HSB' substituted by `hsb' on input line 1369.
Package xcolor Info: Model `Gray' substituted by `gray' on input line 1370.
Package xcolor Info: Model `wave' substituted by `hsb' on input line 1371.
) (d:/Programmi/texlive/2018/texmf-dist/tex/latex/tools/tabularx.sty
Package: tabularx 2016/02/03 v2.11b `tabularx' package (DPC)
 (d:/Programmi/texlive/2018/texmf-dist/tex/latex/tools/array.sty
Package: array 2018/12/30 v2.4k Tabular extension package (FMi)
\col@sep=\dimen119
\ar@mcellbox=\box31
\extrarowheight=\dimen120
\NC@list=\toks20
\extratabsurround=\skip48
\backup@length=\skip49
\ar@cellbox=\box32
)
\TX@col@width=\dimen121
\TX@old@table=\dimen122
\TX@old@col=\dimen123
\TX@target=\dimen124
\TX@delta=\dimen125
\TX@cols=\count105
\TX@ftn=\toks21
) (d:/Programmi/texlive/2018/texmf-dist/tex/latex/enumitem/enumitem.sty
Package: enumitem 2019/02/04 v3.8 Customized lists
\labelindent=\skip50
\enit@outerparindent=\dimen126
\enit@toks=\toks22
\enit@inbox=\box33
\enit@count@id=\count106
\enitdp@description=\count107
) (d:/Programmi/texlive/2018/texmf-dist/tex/latex/float/float.sty
Package: float 2001/11/08 v1.3d Float enhancements (AL)
\c@float@type=\count108
\float@exts=\toks23
\float@box=\box34
\@float@everytoks=\toks24
\@floatcapt=\box35
) (d:/Programmi/texlive/2018/texmf-dist/tex/latex/pythonhighlight/pythonhighlight.sty
Package: pythonhighlight 2017/02/09 python code highlighting; provided by Olivier Verdier <olivier.verdier@gmail.com>
 (d:/Programmi/texlive/2018/texmf-dist/tex/latex/listings/listings.sty
\lst@mode=\count109
\lst@gtempboxa=\box36
\lst@token=\toks25
\lst@length=\count110
\lst@currlwidth=\dimen127
\lst@column=\count111
\lst@pos=\count112
\lst@lostspace=\dimen128
\lst@width=\dimen129
\lst@newlines=\count113
\lst@lineno=\count114
\lst@maxwidth=\dimen130
 (d:/Programmi/texlive/2018/texmf-dist/tex/latex/listings/lstmisc.sty
File: lstmisc.sty 2018/09/02 1.7 (Carsten Heinz)
\c@lstnumber=\count115
\lst@skipnumbers=\count116
\lst@framebox=\box37
) (d:/Programmi/texlive/2018/texmf-dist/tex/latex/listings/listings.cfg
File: listings.cfg 2018/09/02 1.7 listings configuration
))
Package: listings 2018/09/02 1.7 (Carsten Heinz)
) (d:/Programmi/texlive/2018/texmf-dist/tex/latex/units/nicefrac.sty
Package: nicefrac 1998/08/04 v0.9b Nice fractions
\L@UnitsRaiseDisplaystyle=\skip51
\L@UnitsRaiseTextstyle=\skip52
\L@UnitsRaiseScriptstyle=\skip53
 (d:/Programmi/texlive/2018/texmf-dist/tex/latex/base/ifthen.sty
Package: ifthen 2014/09/29 v1.1c Standard LaTeX ifthen package (DPC)
)) (d:/Programmi/texlive/2018/texmf-dist/tex/latex/hyperref/hyperref.sty
Package: hyperref 2018/11/30 v6.88e Hypertext links for LaTeX
 (d:/Programmi/texlive/2018/texmf-dist/tex/generic/oberdiek/hobsub-hyperref.sty
Package: hobsub-hyperref 2016/05/16 v1.14 Bundle oberdiek, subset hyperref (HO)
 (d:/Programmi/texlive/2018/texmf-dist/tex/generic/oberdiek/hobsub-generic.sty
Package: hobsub-generic 2016/05/16 v1.14 Bundle oberdiek, subset generic (HO)
Package: hobsub 2016/05/16 v1.14 Construct package bundles (HO)
Package: infwarerr 2016/05/16 v1.4 Providing info/warning/error messages (HO)
Package: ltxcmds 2016/05/16 v1.23 LaTeX kernel commands for general use (HO)
Package: ifluatex 2016/05/16 v1.4 Provides the ifluatex switch (HO)
Package ifluatex Info: LuaTeX not detected.
Package: ifvtex 2016/05/16 v1.6 Detect VTeX and its facilities (HO)
Package ifvtex Info: VTeX not detected.
Package: intcalc 2016/05/16 v1.2 Expandable calculations with integers (HO)
Package: ifpdf 2018/09/07 v3.3 Provides the ifpdf switch
Package: etexcmds 2016/05/16 v1.6 Avoid name clashes with e-TeX commands (HO)
Package etexcmds Info: Could not find \expanded.
(etexcmds)             That can mean that you are not using pdfTeX 1.50 or
(etexcmds)             that some package has redefined \expanded.
(etexcmds)             In the latter case, load this package earlier.
Package: kvsetkeys 2016/05/16 v1.17 Key value parser (HO)
Package: kvdefinekeys 2016/05/16 v1.4 Define keys (HO)
Package: pdftexcmds 2018/09/10 v0.29 Utility functions of pdfTeX for LuaTeX (HO)
Package pdftexcmds Info: LuaTeX not detected.
Package pdftexcmds Info: \pdf@primitive is available.
Package pdftexcmds Info: \pdf@ifprimitive is available.
Package pdftexcmds Info: \pdfdraftmode found.
Package: pdfescape 2016/05/16 v1.14 Implements pdfTeX's escape features (HO)
Package: bigintcalc 2016/05/16 v1.4 Expandable calculations on big integers (HO)
Package: bitset 2016/05/16 v1.2 Handle bit-vector datatype (HO)
Package: uniquecounter 2016/05/16 v1.3 Provide unlimited unique counter (HO)
)
Package hobsub Info: Skipping package `hobsub' (already loaded).
Package: letltxmacro 2016/05/16 v1.5 Let assignment for LaTeX macros (HO)
Package: hopatch 2016/05/16 v1.3 Wrapper for package hooks (HO)
Package: xcolor-patch 2016/05/16 xcolor patch
Package: atveryend 2016/05/16 v1.9 Hooks at the very end of document (HO)
Package atveryend Info: \enddocument detected (standard20110627).
Package: atbegshi 2016/06/09 v1.18 At begin shipout hook (HO)
Package: refcount 2016/05/16 v3.5 Data extraction from label references (HO)
Package: hycolor 2016/05/16 v1.8 Color options for hyperref/bookmark (HO)
) (d:/Programmi/texlive/2018/texmf-dist/tex/generic/ifxetex/ifxetex.sty
Package: ifxetex 2010/09/12 v0.6 Provides ifxetex conditional
) (d:/Programmi/texlive/2018/texmf-dist/tex/latex/oberdiek/auxhook.sty
Package: auxhook 2016/05/16 v1.4 Hooks for auxiliary files (HO)
) (d:/Programmi/texlive/2018/texmf-dist/tex/latex/oberdiek/kvoptions.sty
Package: kvoptions 2016/05/16 v3.12 Key value format for package options (HO)
)
\@linkdim=\dimen131
\Hy@linkcounter=\count117
\Hy@pagecounter=\count118
 (d:/Programmi/texlive/2018/texmf-dist/tex/latex/hyperref/pd1enc.def
File: pd1enc.def 2018/11/30 v6.88e Hyperref: PDFDocEncoding definition (HO)
Now handling font encoding PD1 ...
... no UTF-8 mapping file for font encoding PD1
)
\Hy@SavedSpaceFactor=\count119
 (d:/Programmi/texlive/2018/texmf-dist/tex/latex/latexconfig/hyperref.cfg
File: hyperref.cfg 2002/06/06 v1.2 hyperref configuration of TeXLive
)
Package hyperref Info: Option `breaklinks' set `true' on input line 4393.
Package hyperref Info: Option `bookmarks' set `false' on input line 4393.
Package hyperref Info: Hyper figures OFF on input line 4519.
Package hyperref Info: Link nesting OFF on input line 4524.
Package hyperref Info: Hyper index ON on input line 4527.
Package hyperref Info: Plain pages OFF on input line 4534.
Package hyperref Info: Backreferencing OFF on input line 4539.
Package hyperref Info: Implicit mode ON; LaTeX internals redefined.
Package hyperref Info: Bookmarks OFF on input line 4778.
\c@Hy@tempcnt=\count120
 (d:/Programmi/texlive/2018/texmf-dist/tex/latex/url/url.sty
\Urlmuskip=\muskip11
Package: url 2013/09/16  ver 3.4  Verb mode for urls, etc.
)
LaTeX Info: Redefining \url on input line 5125.
\XeTeXLinkMargin=\dimen132
\Fld@menulength=\count121
\Field@Width=\dimen133
\Fld@charsize=\dimen134
Package hyperref Info: Hyper figures OFF on input line 6380.
Package hyperref Info: Link nesting OFF on input line 6385.
Package hyperref Info: Hyper index ON on input line 6388.
Package hyperref Info: backreferencing OFF on input line 6395.
Package hyperref Info: Link coloring OFF on input line 6400.
Package hyperref Info: Link coloring with OCG OFF on input line 6405.
Package hyperref Info: PDF/A mode OFF on input line 6410.
LaTeX Info: Redefining \ref on input line 6450.
LaTeX Info: Redefining \pageref on input line 6454.
\Hy@abspage=\count122
\c@Item=\count123
\c@Hfootnote=\count124
)
Package hyperref Info: Driver (autodetected): hpdftex.
 (d:/Programmi/texlive/2018/texmf-dist/tex/latex/hyperref/hpdftex.def
File: hpdftex.def 2018/11/30 v6.88e Hyperref driver for pdfTeX
\Fld@listcount=\count125
\c@bookmark@seq@number=\count126
 (d:/Programmi/texlive/2018/texmf-dist/tex/latex/oberdiek/rerunfilecheck.sty
Package: rerunfilecheck 2016/05/16 v1.8 Rerun checks for auxiliary files (HO)
Package uniquecounter Info: New unique counter `rerunfilecheck' on input line 282.
)
\Hy@SectionHShift=\skip54
) (d:/UNIPD_LocalD/Magistrale/FErecognition/relazione/egpaper_final.aux)
\openout1 = `egpaper_final.aux'.

LaTeX Font Info:    Checking defaults for OML/cmm/m/it on input line 56.
LaTeX Font Info:    ... okay on input line 56.
LaTeX Font Info:    Checking defaults for T1/cmr/m/n on input line 56.
LaTeX Font Info:    ... okay on input line 56.
LaTeX Font Info:    Checking defaults for OT1/cmr/m/n on input line 56.
LaTeX Font Info:    ... okay on input line 56.
LaTeX Font Info:    Checking defaults for OMS/cmsy/m/n on input line 56.
LaTeX Font Info:    ... okay on input line 56.
LaTeX Font Info:    Checking defaults for OMX/cmex/m/n on input line 56.
LaTeX Font Info:    ... okay on input line 56.
LaTeX Font Info:    Checking defaults for U/cmr/m/n on input line 56.
LaTeX Font Info:    ... okay on input line 56.
LaTeX Font Info:    Checking defaults for PD1/pdf/m/n on input line 56.
LaTeX Font Info:    ... okay on input line 56.
LaTeX Font Info:    Try loading font information for OT1+ptm on input line 56.
 (d:/Programmi/texlive/2018/texmf-dist/tex/latex/psnfss/ot1ptm.fd
File: ot1ptm.fd 2001/06/04 font definitions for OT1/ptm.
) ABD: EveryShipout initializing macros (d:/Programmi/texlive/2018/texmf-dist/tex/context/base/mkii/supp-pdf.mkii
[Loading MPS to PDF converter (version 2006.09.02).]
\scratchcounter=\count127
\scratchdimen=\dimen135
\scratchbox=\box38
\nofMPsegments=\count128
\nofMParguments=\count129
\everyMPshowfont=\toks26
\MPscratchCnt=\count130
\MPscratchDim=\dimen136
\MPnumerator=\count131
\makeMPintoPDFobject=\count132
\everyMPtoPDFconversion=\toks27
) (d:/Programmi/texlive/2018/texmf-dist/tex/latex/oberdiek/epstopdf-base.sty
Package: epstopdf-base 2016/05/15 v2.6 Base part for package epstopdf
 (d:/Programmi/texlive/2018/texmf-dist/tex/latex/oberdiek/grfext.sty
Package: grfext 2016/05/16 v1.2 Manage graphics extensions (HO)
)
Package epstopdf-base Info: Redefining graphics rule for `.eps' on input line 438.
Package grfext Info: Graphics extension search list:
(grfext)             [.pdf,.png,.jpg,.mps,.jpeg,.jbig2,.jb2,.PDF,.PNG,.JPG,.JPEG,.JBIG2,.JB2,.eps]
(grfext)             \AppendGraphicsExtensions on input line 456.
 (d:/Programmi/texlive/2018/texmf-dist/tex/latex/latexconfig/epstopdf-sys.cfg
File: epstopdf-sys.cfg 2010/07/13 v1.3 Configuration of (r)epstopdf for TeX Live
))
\c@lstlisting=\count133
\AtBeginShipoutBox=\box39
Package atbegshi Info: Package `everyshi' patched.
Package hyperref Info: Link coloring OFF on input line 56.
 (d:/Programmi/texlive/2018/texmf-dist/tex/latex/hyperref/nameref.sty
Package: nameref 2016/05/21 v2.44 Cross-referencing by name of section
 (d:/Programmi/texlive/2018/texmf-dist/tex/generic/oberdiek/gettitlestring.sty
Package: gettitlestring 2016/05/16 v1.5 Cleanup title references (HO)
)
\c@section@level=\count134
)
LaTeX Info: Redefining \ref on input line 56.
LaTeX Info: Redefining \pageref on input line 56.
LaTeX Info: Redefining \nameref on input line 56.
LaTeX Font Info:    Font shape `OT1/ptm/bx/n' in size <14.4> not available
(Font)              Font shape `OT1/ptm/b/n' tried instead on input line 79.
LaTeX Font Info:    Try loading font information for U+msa on input line 79.
 (d:/Programmi/texlive/2018/texmf-dist/tex/latex/amsfonts/umsa.fd
File: umsa.fd 2013/01/14 v3.01 AMS symbols A
)
LaTeX Font Info:    Try loading font information for U+msb on input line 79.
 (d:/Programmi/texlive/2018/texmf-dist/tex/latex/amsfonts/umsb.fd
File: umsb.fd 2013/01/14 v3.01 AMS symbols B
)
LaTeX Font Info:    Font shape `OT1/ptm/bx/n' in size <12> not available
(Font)              Font shape `OT1/ptm/b/n' tried instead on input line 81.
LaTeX Font Info:    Font shape `OT1/ptm/bx/it' in size <10> not available
(Font)              Font shape `OT1/ptm/b/it' tried instead on input line 89.
<./immagini/dataset.jpeg, id=5, 487.8225pt x 387.4475pt>
File: ./immagini/dataset.jpeg Graphic file (type jpg)
<use ./immagini/dataset.jpeg>
Package pdftex.def Info: ./immagini/dataset.jpeg  used on input line 98.
(pdftex.def)             Requested size: 189.70947pt x 150.67233pt.

Underfull \vbox (badness 10000) has occurred while \output is active []

 [1{d:/Programmi/texlive/2018/texmf-var/fonts/map/pdftex/updmap/pdftex.map}


 <./immagini/dataset.jpeg>]
LaTeX Font Info:    Try loading font information for OMS+ptm on input line 106.
 (d:/Programmi/texlive/2018/texmf-dist/tex/latex/psnfss/omsptm.fd
File: omsptm.fd 
)
LaTeX Font Info:    Font shape `OMS/ptm/m/n' in size <10> not available
(Font)              Font shape `OMS/cmsy/m/n' tried instead on input line 106.
<./immagini/7_classi.png, id=29, 614.295pt x 261.97874pt>
File: ./immagini/7_classi.png Graphic file (type png)
<use ./immagini/7_classi.png>
Package pdftex.def Info: ./immagini/7_classi.png  used on input line 133.
(pdftex.def)             Requested size: 237.13594pt x 101.13196pt.
<./immagini/6_classi.png, id=31, 547.04375pt x 261.97874pt>
File: ./immagini/6_classi.png Graphic file (type png)
<use ./immagini/6_classi.png>
Package pdftex.def Info: ./immagini/6_classi.png  used on input line 138.
(pdftex.def)             Requested size: 237.13594pt x 113.56407pt.

Underfull \vbox (badness 2762) has occurred while \output is active []

 [2 <./immagini/7_classi.png>]
<./immagini/classi_bilanciate.png, id=47, 539.01375pt x 261.97874pt>
File: ./immagini/classi_bilanciate.png Graphic file (type png)
<use ./immagini/classi_bilanciate.png>
Package pdftex.def Info: ./immagini/classi_bilanciate.png  used on input line 143.
(pdftex.def)             Requested size: 237.13594pt x 115.255pt.

Underfull \vbox (badness 10000) has occurred while \output is active []

LaTeX Font Info:    Font shape `OT1/ptm/bx/n' in size <10> not available
(Font)              Font shape `OT1/ptm/b/n' tried instead on input line 154.
<./immagini/m_inception_v0.pdf, id=53, 1434.91882pt x 441.50946pt>
File: ./immagini/m_inception_v0.pdf Graphic file (type pdf)
<use ./immagini/m_inception_v0.pdf>
Package pdftex.def Info: ./immagini/m_inception_v0.pdf  used on input line 171.
(pdftex.def)             Requested size: 237.13594pt x 72.96043pt.
 [3 <./immagini/6_classi.png> <./immagini/classi_bilanciate.png> <./immagini/m_inception_v0.pdf>]
<./immagini/residual_block.pdf, id=99, 953.96599pt x 865.93513pt>
File: ./immagini/residual_block.pdf Graphic file (type pdf)
<use ./immagini/residual_block.pdf>
Package pdftex.def Info: ./immagini/residual_block.pdf  used on input line 180.
(pdftex.def)             Requested size: 165.99443pt x 150.66885pt.
<./immagini/residual_block_with_downsample.pdf, id=100, 967.78862pt x 869.2475pt>
File: ./immagini/residual_block_with_downsample.pdf Graphic file (type pdf)
<use ./immagini/residual_block_with_downsample.pdf>
Package pdftex.def Info: ./immagini/residual_block_with_downsample.pdf  used on input line 186.
(pdftex.def)             Requested size: 165.99443pt x 149.08322pt.


LaTeX Warning: No positions in optional float specifier.
               Default added (so using `tbp') on input line 191.


Overfull \hbox (7.50516pt too wide) in paragraph at lines 200--200
 []|\OT1/ptm/m/n/7 VGG[]v0| 
 []


Overfull \hbox (7.50516pt too wide) in paragraph at lines 201--201
 []|\OT1/ptm/m/n/7 VGG[]v1| 
 []


Overfull \hbox (7.50516pt too wide) in paragraph at lines 202--202
 []|\OT1/ptm/m/n/7 VGG[]v1| 
 []


Overfull \hbox (7.50516pt too wide) in paragraph at lines 203--203
 []|\OT1/ptm/m/n/7 VGG[]v1| 
 []


Overfull \hbox (7.50516pt too wide) in paragraph at lines 204--204
 []|\OT1/ptm/m/n/7 VGG[]v2| 
 []


Overfull \hbox (9.3669pt too wide) in paragraph at lines 205--205
 []|\OT1/ptm/m/n/7 Inception| 
 []


Overfull \hbox (1.3454pt too wide) in paragraph at lines 206--206
[]|\OT1/ptm/m/n/7 ResNet2|  
 []


Overfull \hbox (3.53586pt too wide) in paragraph at lines 206--206
 []|\OT1/ptm/m/n/7 ResNet| 
 []


Overfull \hbox (1.3454pt too wide) in paragraph at lines 207--207
[]|\OT1/ptm/m/n/7 ResNet3|  
 []


Overfull \hbox (3.53586pt too wide) in paragraph at lines 207--207
 []|\OT1/ptm/m/n/7 ResNet| 
 []


Overfull \hbox (1.3454pt too wide) in paragraph at lines 208--208
[]|\OT1/ptm/m/n/7 ResNet4|  
 []


Overfull \hbox (3.53586pt too wide) in paragraph at lines 208--208
 []|\OT1/ptm/m/n/7 ResNet| 
 []


Underfull \hbox (badness 10000) in paragraph at lines 195--213
[][]
 []

<./immagini/ensemble.png, id=102, 949.5475pt x 401.5pt>
File: ./immagini/ensemble.png Graphic file (type png)
<use ./immagini/ensemble.png>
Package pdftex.def Info: ./immagini/ensemble.png  used on input line 228.
(pdftex.def)             Requested size: 237.13594pt x 100.26447pt.

Underfull \hbox (badness 10000) in paragraph at lines 225--230

 []


Overfull \hbox (4.66045pt too wide) in paragraph at lines 240--240
[]|\OT1/ptm/m/n/7 ensemble9[]1|  
 []


Overfull \hbox (1.52364pt too wide) in paragraph at lines 240--240
 []|\OT1/ptm/m/n/7 66.53| 
 []


Overfull \hbox (1.52364pt too wide) in paragraph at lines 240--240
 []|\OT1/ptm/m/n/7 42.33| 
 []


Overfull \hbox (1.52364pt too wide) in paragraph at lines 240--240
 []|\OT1/ptm/m/n/7 84.69| 
 []


Overfull \hbox (1.52364pt too wide) in paragraph at lines 240--240
 []|\OT1/ptm/m/n/7 61.40| 
 []


Overfull \hbox (1.52364pt too wide) in paragraph at lines 240--240
 []|\OT1/ptm/m/n/7 83.37| 
 []


Overfull \hbox (1.52364pt too wide) in paragraph at lines 240--240
 []|\OT1/ptm/m/n/7 70.01| 
 []


Overfull \hbox (4.66045pt too wide) in paragraph at lines 241--241
[]|\OT1/ptm/m/n/7 ensemble9[]2|  
 []


Overfull \hbox (1.52364pt too wide) in paragraph at lines 241--241
 []|\OT1/ptm/m/n/7 66.53| 
 []


Overfull \hbox (1.52364pt too wide) in paragraph at lines 241--241
 []|\OT1/ptm/m/n/7 42.13| 
 []


Overfull \hbox (1.52364pt too wide) in paragraph at lines 241--241
 []|\OT1/ptm/m/n/7 84.69| 
 []


Overfull \hbox (1.52364pt too wide) in paragraph at lines 241--241
 []|\OT1/ptm/m/n/7 61.56| 
 []


Overfull \hbox (1.52364pt too wide) in paragraph at lines 241--241
 []|\OT1/ptm/m/n/7 83.37| 
 []


Overfull \hbox (1.52364pt too wide) in paragraph at lines 241--241
 []|\OT1/ptm/m/n/7 70.51| 
 []


Overfull \hbox (4.66045pt too wide) in paragraph at lines 242--242
[]|\OT1/ptm/m/n/7 ensemble9[]3|  
 []


Overfull \hbox (1.52364pt too wide) in paragraph at lines 242--242
 []|\OT1/ptm/m/n/7 66.15| 
 []


Overfull \hbox (1.52364pt too wide) in paragraph at lines 242--242
 []|\OT1/ptm/m/n/7 41.93| 
 []


Overfull \hbox (1.52364pt too wide) in paragraph at lines 242--242
 []|\OT1/ptm/m/n/7 84.46| 
 []


Overfull \hbox (1.52364pt too wide) in paragraph at lines 242--242
 []|\OT1/ptm/m/n/7 61.40| 
 []


Overfull \hbox (1.52364pt too wide) in paragraph at lines 242--242
 []|\OT1/ptm/m/n/7 83.37| 
 []


Overfull \hbox (1.52364pt too wide) in paragraph at lines 242--242
 []|\OT1/ptm/m/n/7 70.34| 
 []


Overfull \hbox (2.7213pt too wide) in paragraph at lines 246--246
[]\OT1/ptm/m/n/9 Table 2. [] 0=An-gry,1=Fear,2=Happy,3=Sad,4=Surprised,5=Neutral,
 []

[4 <./immagini/residual_block.pdf> <./immagini/residual_block_with_downsample.pdf

pdfTeX warning: pdflatex.exe (file ./immagini/residual_block_with_downsample.pdf): PDF inclusion: multiple pdfs with page group included in a single page
> <./immagini/ensemble.png (PNG copy)>]
Overfull \hbox (1.52364pt too wide) in paragraph at lines 264--264
 []|\OT1/ptm/m/n/7 53.53| 
 []


Overfull \hbox (1.52364pt too wide) in paragraph at lines 264--264
 []|\OT1/ptm/m/n/7 49.19| 
 []


Overfull \hbox (1.52364pt too wide) in paragraph at lines 264--264
 []|\OT1/ptm/m/n/7 76.87| 
 []


Overfull \hbox (1.52364pt too wide) in paragraph at lines 264--264
 []|\OT1/ptm/m/n/7 51.60| 
 []


Overfull \hbox (1.52364pt too wide) in paragraph at lines 264--264
 []|\OT1/ptm/m/n/7 81.92| 
 []


Overfull \hbox (1.52364pt too wide) in paragraph at lines 264--264
 []|\OT1/ptm/m/n/7 57.00| 
 []


Overfull \hbox (1.52364pt too wide) in paragraph at lines 265--265
 []|\OT1/ptm/m/n/7 55.64| 
 []


Overfull \hbox (1.52364pt too wide) in paragraph at lines 265--265
 []|\OT1/ptm/m/n/7 39.31| 
 []


Overfull \hbox (1.52364pt too wide) in paragraph at lines 265--265
 []|\OT1/ptm/m/n/7 80.00| 
 []


Overfull \hbox (1.52364pt too wide) in paragraph at lines 265--265
 []|\OT1/ptm/m/n/7 59.26| 
 []


Overfull \hbox (1.52364pt too wide) in paragraph at lines 265--265
 []|\OT1/ptm/m/n/7 82.65| 
 []


Overfull \hbox (1.52364pt too wide) in paragraph at lines 265--265
 []|\OT1/ptm/m/n/7 62.60| 
 []


Overfull \hbox (1.52364pt too wide) in paragraph at lines 266--266
 []|\OT1/ptm/m/n/7 60.80| 
 []


Overfull \hbox (1.52364pt too wide) in paragraph at lines 266--266
 []|\OT1/ptm/m/n/7 31.85| 
 []


Overfull \hbox (1.52364pt too wide) in paragraph at lines 266--266
 []|\OT1/ptm/m/n/7 80.33| 
 []


Overfull \hbox (1.52364pt too wide) in paragraph at lines 266--266
 []|\OT1/ptm/m/n/7 61.86| 
 []


Overfull \hbox (1.52364pt too wide) in paragraph at lines 266--266
 []|\OT1/ptm/m/n/7 76.86| 
 []


Overfull \hbox (1.52364pt too wide) in paragraph at lines 266--266
 []|\OT1/ptm/m/n/7 61.12| 
 []


Overfull \hbox (1.52364pt too wide) in paragraph at lines 267--267
 []|\OT1/ptm/m/n/7 65.77| 
 []


Overfull \hbox (1.52364pt too wide) in paragraph at lines 267--267
 []|\OT1/ptm/m/n/7 36.08| 
 []


Overfull \hbox (1.52364pt too wide) in paragraph at lines 267--267
 []|\OT1/ptm/m/n/7 82.01| 
 []


Overfull \hbox (1.52364pt too wide) in paragraph at lines 267--267
 []|\OT1/ptm/m/n/7 42.72| 
 []


Overfull \hbox (1.52364pt too wide) in paragraph at lines 267--267
 []|\OT1/ptm/m/n/7 81.20| 
 []


Overfull \hbox (1.52364pt too wide) in paragraph at lines 267--267
 []|\OT1/ptm/m/n/7 76.93| 
 []


Overfull \hbox (1.52364pt too wide) in paragraph at lines 268--268
 []|\OT1/ptm/m/n/7 60.03| 
 []


Overfull \hbox (1.52364pt too wide) in paragraph at lines 268--268
 []|\OT1/ptm/m/n/7 40.72| 
 []


Overfull \hbox (1.52364pt too wide) in paragraph at lines 268--268
 []|\OT1/ptm/m/n/7 81.56| 
 []


Overfull \hbox (1.52364pt too wide) in paragraph at lines 268--268
 []|\OT1/ptm/m/n/7 47.93| 
 []


Overfull \hbox (1.52364pt too wide) in paragraph at lines 268--268
 []|\OT1/ptm/m/n/7 79.03| 
 []


Overfull \hbox (1.52364pt too wide) in paragraph at lines 268--268
 []|\OT1/ptm/m/n/7 72.98| 
 []


Overfull \hbox (1.52364pt too wide) in paragraph at lines 269--269
 []|\OT1/ptm/m/n/7 58.69| 
 []


Overfull \hbox (1.52364pt too wide) in paragraph at lines 269--269
 []|\OT1/ptm/m/n/7 41.73| 
 []


Overfull \hbox (1.52364pt too wide) in paragraph at lines 269--269
 []|\OT1/ptm/m/n/7 78.88| 
 []


Overfull \hbox (1.52364pt too wide) in paragraph at lines 269--269
 []|\OT1/ptm/m/n/7 56.20| 
 []


Overfull \hbox (1.52364pt too wide) in paragraph at lines 269--269
 []|\OT1/ptm/m/n/7 75.90| 
 []


Overfull \hbox (1.52364pt too wide) in paragraph at lines 269--269
 []|\OT1/ptm/m/n/7 55.51| 
 []


Overfull \hbox (1.52364pt too wide) in paragraph at lines 270--270
 []|\OT1/ptm/m/n/7 64.62| 
 []


Overfull \hbox (1.52364pt too wide) in paragraph at lines 270--270
 []|\OT1/ptm/m/n/7 34.47| 
 []


Overfull \hbox (1.52364pt too wide) in paragraph at lines 270--270
 []|\OT1/ptm/m/n/7 79.88| 
 []


Overfull \hbox (1.52364pt too wide) in paragraph at lines 270--270
 []|\OT1/ptm/m/n/7 39.05| 
 []


Overfull \hbox (1.52364pt too wide) in paragraph at lines 270--270
 []|\OT1/ptm/m/n/7 77.83| 
 []


Overfull \hbox (1.52364pt too wide) in paragraph at lines 270--270
 []|\OT1/ptm/m/n/7 69.85| 
 []


Overfull \hbox (1.52364pt too wide) in paragraph at lines 271--271
 []|\OT1/ptm/m/n/7 56.78| 
 []


Overfull \hbox (1.52364pt too wide) in paragraph at lines 271--271
 []|\OT1/ptm/m/n/7 41.53| 
 []


Overfull \hbox (1.52364pt too wide) in paragraph at lines 271--271
 []|\OT1/ptm/m/n/7 80.89| 
 []


Overfull \hbox (1.52364pt too wide) in paragraph at lines 271--271
 []|\OT1/ptm/m/n/7 49.92| 
 []


Overfull \hbox (1.52364pt too wide) in paragraph at lines 271--271
 []|\OT1/ptm/m/n/7 82.89| 
 []


Overfull \hbox (1.52364pt too wide) in paragraph at lines 271--271
 []|\OT1/ptm/m/n/7 61.94| 
 []


Overfull \hbox (1.52364pt too wide) in paragraph at lines 272--272
 []|\OT1/ptm/m/n/7 63.28| 
 []


Overfull \hbox (1.52364pt too wide) in paragraph at lines 272--272
 []|\OT1/ptm/m/n/7 39.91| 
 []


Overfull \hbox (1.52364pt too wide) in paragraph at lines 272--272
 []|\OT1/ptm/m/n/7 83.35| 
 []


Overfull \hbox (1.52364pt too wide) in paragraph at lines 272--272
 []|\OT1/ptm/m/n/7 51.30| 
 []


Overfull \hbox (1.52364pt too wide) in paragraph at lines 272--272
 []|\OT1/ptm/m/n/7 75.90| 
 []


Overfull \hbox (1.52364pt too wide) in paragraph at lines 272--272
 []|\OT1/ptm/m/n/7 50.08| 
 []


Overfull \hbox (2.7213pt too wide) in paragraph at lines 275--275
[]\OT1/ptm/m/n/9 Table 3. [] 0=An-gry,1=Fear,2=Happy,3=Sad,4=Surprised,5=Neutral,
 []


Overfull \hbox (1.52364pt too wide) in paragraph at lines 295--295
 []|\OT1/ptm/m/n/7 57.93| 
 []


Overfull \hbox (1.52364pt too wide) in paragraph at lines 295--295
 []|\OT1/ptm/m/n/7 37.70| 
 []


Overfull \hbox (1.52364pt too wide) in paragraph at lines 295--295
 []|\OT1/ptm/m/n/7 75.08| 
 []


Overfull \hbox (1.52364pt too wide) in paragraph at lines 295--295
 []|\OT1/ptm/m/n/7 46.70| 
 []


Overfull \hbox (1.52364pt too wide) in paragraph at lines 295--295
 []|\OT1/ptm/m/n/7 79.27| 
 []


Overfull \hbox (1.52364pt too wide) in paragraph at lines 295--295
 []|\OT1/ptm/m/n/7 54.20| 
 []


Overfull \hbox (1.52364pt too wide) in paragraph at lines 296--296
 []|\OT1/ptm/m/n/7 57.36| 
 []


Overfull \hbox (1.52364pt too wide) in paragraph at lines 296--296
 []|\OT1/ptm/m/n/7 45.16| 
 []


Overfull \hbox (1.52364pt too wide) in paragraph at lines 296--296
 []|\OT1/ptm/m/n/7 80.44| 
 []


Overfull \hbox (1.52364pt too wide) in paragraph at lines 296--296
 []|\OT1/ptm/m/n/7 47.62| 
 []


Overfull \hbox (1.52364pt too wide) in paragraph at lines 296--296
 []|\OT1/ptm/m/n/7 75.42| 
 []


Overfull \hbox (1.52364pt too wide) in paragraph at lines 296--296
 []|\OT1/ptm/m/n/7 58.31| 
 []


Overfull \hbox (2.7213pt too wide) in paragraph at lines 299--299
[]\OT1/ptm/m/n/9 Table 4. [] 0=An-gry,1=Fear,2=Happy,3=Sad,4=Surprised,5=Neutral,
 []

LaTeX Font Info:    Try loading font information for OT1+pcr on input line 311.
(d:/Programmi/texlive/2018/texmf-dist/tex/latex/psnfss/ot1pcr.fd
File: ot1pcr.fd 2001/06/04 font definitions for OT1/pcr.
)
Underfull \hbox (badness 10000) in paragraph at lines 311--311
[][][][]$\OT1/pcr/m/n/8 https : / / www . tensorflow . org / api _ docs / python / tf /
 []


Underfull \hbox (badness 10000) in paragraph at lines 312--312
[][][][]$\OT1/pcr/m/n/8 https : / / www . tensorflow . org / api _ docs / python / tf /
 []

[5]
Overfull \hbox (8.16045pt too wide) in paragraph at lines 329--329
[]|\OT1/ptm/m/n/7 ensemble11[]1|  
 []


Overfull \hbox (1.52364pt too wide) in paragraph at lines 329--329
 []|\OT1/ptm/m/n/7 66.73| 
 []


Overfull \hbox (1.52364pt too wide) in paragraph at lines 329--329
 []|\OT1/ptm/m/n/7 43.34| 
 []


Overfull \hbox (1.52364pt too wide) in paragraph at lines 329--329
 []|\OT1/ptm/m/n/7 84.58| 
 []


Overfull \hbox (1.52364pt too wide) in paragraph at lines 329--329
 []|\OT1/ptm/m/n/7 59.72| 
 []


Overfull \hbox (1.52364pt too wide) in paragraph at lines 329--329
 []|\OT1/ptm/m/n/7 82.40| 
 []


Overfull \hbox (1.52364pt too wide) in paragraph at lines 329--329
 []|\OT1/ptm/m/n/7 70.51| 
 []


Overfull \hbox (8.16045pt too wide) in paragraph at lines 330--330
[]|\OT1/ptm/m/n/7 ensemble11[]2|  
 []


Overfull \hbox (1.52364pt too wide) in paragraph at lines 330--330
 []|\OT1/ptm/m/n/7 66.53| 
 []


Overfull \hbox (1.52364pt too wide) in paragraph at lines 330--330
 []|\OT1/ptm/m/n/7 43.75| 
 []


Overfull \hbox (1.52364pt too wide) in paragraph at lines 330--330
 []|\OT1/ptm/m/n/7 84.69| 
 []


Overfull \hbox (1.52364pt too wide) in paragraph at lines 330--330
 []|\OT1/ptm/m/n/7 59.57| 
 []


Overfull \hbox (1.52364pt too wide) in paragraph at lines 330--330
 []|\OT1/ptm/m/n/7 82.16| 
 []


Overfull \hbox (1.52364pt too wide) in paragraph at lines 330--330
 []|\OT1/ptm/m/n/7 70.67| 
 []


Overfull \hbox (8.16045pt too wide) in paragraph at lines 331--331
[]|\OT1/ptm/m/n/7 ensemble11[]3|  
 []


Overfull \hbox (1.52364pt too wide) in paragraph at lines 331--331
 []|\OT1/ptm/m/n/7 66.92| 
 []


Overfull \hbox (1.52364pt too wide) in paragraph at lines 331--331
 []|\OT1/ptm/m/n/7 43.75| 
 []


Overfull \hbox (1.52364pt too wide) in paragraph at lines 331--331
 []|\OT1/ptm/m/n/7 84.35| 
 []


Overfull \hbox (1.52364pt too wide) in paragraph at lines 331--331
 []|\OT1/ptm/m/n/7 60.03| 
 []


Overfull \hbox (1.52364pt too wide) in paragraph at lines 331--331
 []|\OT1/ptm/m/n/7 82.40| 
 []


Overfull \hbox (1.52364pt too wide) in paragraph at lines 331--331
 []|\OT1/ptm/m/n/7 71.33| 
 []


Overfull \hbox (2.7213pt too wide) in paragraph at lines 334--334
[]\OT1/ptm/m/n/9 Table 5. [] 0=An-gry,1=Fear,2=Happy,3=Sad,4=Surprised,5=Neutral,
 []


Underfull \hbox (badness 10000) in paragraph at lines 338--342

 []

<./immagini/ele_felice.png, id=160, 646.415pt x 515.9275pt>
File: ./immagini/ele_felice.png Graphic file (type png)
<use ./immagini/ele_felice.png>
Package pdftex.def Info: ./immagini/ele_felice.png  used on input line 367.
(pdftex.def)             Requested size: 189.70947pt x 151.41005pt.
<./immagini/ele_triste.png, id=161, 646.415pt x 515.9275pt>
File: ./immagini/ele_triste.png Graphic file (type png)
<use ./immagini/ele_triste.png>
Package pdftex.def Info: ./immagini/ele_triste.png  used on input line 373.
(pdftex.def)             Requested size: 189.70947pt x 151.41005pt.
<./immagini/ele_neutrale.png, id=162, 646.415pt x 515.9275pt>
File: ./immagini/ele_neutrale.png Graphic file (type png)
<use ./immagini/ele_neutrale.png>
Package pdftex.def Info: ./immagini/ele_neutrale.png  used on input line 379.
(pdftex.def)             Requested size: 189.70947pt x 151.41005pt.

Underfull \vbox (badness 10000) has occurred while \output is active []

 [6 <./immagini/ele_felice.png> <./immagini/ele_triste.png>]
<./immagini/ele_rabbia.png, id=180, 646.415pt x 515.9275pt>
File: ./immagini/ele_rabbia.png Graphic file (type png)
<use ./immagini/ele_rabbia.png>
Package pdftex.def Info: ./immagini/ele_rabbia.png  used on input line 385.
(pdftex.def)             Requested size: 189.70947pt x 151.41005pt.
 (d:/UNIPD_LocalD/Magistrale/FErecognition/relazione/egpaper_final.bbl
Underfull \hbox (badness 1917) in paragraph at lines 4--13
[]\OT1/ptm/m/n/9 Ian J. Good-fel-low, Du-mitru Er-han, Pierre Luc Car-rier,
 []

)
Package atveryend Info: Empty hook `BeforeClearDocument' on input line 398.
 [7 <./immagini/ele_neutrale.png> <./immagini/ele_rabbia.png>]
Package atveryend Info: Empty hook `AfterLastShipout' on input line 398.
 (d:/UNIPD_LocalD/Magistrale/FErecognition/relazione/egpaper_final.aux)
Package atveryend Info: Executing hook `AtVeryEndDocument' on input line 398.
Package atveryend Info: Empty hook `AtEndAfterFileList' on input line 398.
Package atveryend Info: Empty hook `AtVeryVeryEnd' on input line 398.
 ) 
Here is how much of TeX's memory you used:
 8653 strings out of 492616
 125364 string characters out of 6128008
 251077 words of memory out of 5000000
 12363 multiletter control sequences out of 15000+600000
 31618 words of font info for 69 fonts, out of 8000000 for 9000
 1141 hyphenation exceptions out of 8191
 33i,12n,48p,1660b,390s stack positions out of 5000i,500n,10000p,200000b,80000s
{d:/Programmi/texlive/2018/texmf-dist/fonts/enc/dvips/base/8r.enc}<d:/Programmi/texlive/2018/texmf-dist/fonts/type1/public/amsfonts/cm/cmex10.pfb><d:/Programmi/texlive/2018/texmf-dist/fonts/type1/public/amsfonts/cmextra/cmex7.pfb><d:/Programmi/texlive/2018/texmf-dist/fonts/type1/public/amsfonts/cm/cmmi10.pfb><d:/Programmi/texlive/2018/texmf-dist/fonts/type1/public/amsfonts/cm/cmmi5.pfb><d:/Programmi/texlive/2018/texmf-dist/fonts/type1/public/amsfonts/cm/cmmi7.pfb><d:/Programmi/texlive/2018/texmf-dist/fonts/type1/public/amsfonts/cm/cmr10.pfb><d:/Programmi/texlive/2018/texmf-dist/fonts/type1/public/amsfonts/cm/cmr5.pfb><d:/Programmi/texlive/2018/texmf-dist/fonts/type1/public/amsfonts/cm/cmr7.pfb><d:/Programmi/texlive/2018/texmf-dist/fonts/type1/public/amsfonts/cm/cmsy10.pfb><d:/Programmi/texlive/2018/texmf-dist/fonts/type1/urw/courier/ucrr8a.pfb><d:/Programmi/texlive/2018/texmf-dist/fonts/type1/urw/times/utmb8a.pfb><d:/Programmi/texlive/2018/texmf-dist/fonts/type1/urw/times/utmbi8a.pfb><d:/Programmi/texlive/2018/texmf-dist/fonts/type1/urw/times/utmr8a.pfb><d:/Programmi/texlive/2018/texmf-dist/fonts/type1/urw/times/utmri8a.pfb>
Output written on d:/UNIPD_LocalD/Magistrale/FErecognition/relazione/egpaper_final.pdf (7 pages, 2814088 bytes).
PDF statistics:
 253 PDF objects out of 1000 (max. 8388607)
 197 compressed objects within 2 object streams
 56 named destinations out of 1000 (max. 500000)
 61 words of extra memory for PDF output out of 10000 (max. 10000000)

